Arguments: 
  /home/tiojhow/.nvm/versions/node/v14.16.0/bin/node /home/tiojhow/.nvm/versions/node/v14.16.0/bin/yarn add jquery 3.3.1

PATH: 
  /home/tiojhow/.asdf/shims:/home/tiojhow/.asdf/bin:/home/tiojhow/.vscode-server/bin/3b889b090b5ad5793f524b5d1d39fda662b96a2a/bin/remote-cli:/home/tiojhow/.nvm/versions/node/v14.16.0/bin:/usr/share/rvm/gems/ruby-3.0.0/bin:/usr/share/rvm/gems/ruby-3.0.0@global/bin:/usr/share/rvm/rubies/ruby-3.0.0/bin:/usr/local/sbin:/usr/local/bin:/usr/sbin:/usr/bin:/sbin:/bin:/usr/games:/usr/local/games:/mnt/c/Program Files/WindowsApps/Microsoft.WindowsTerminal_1.11.3471.0_x64__8wekyb3d8bbwe:/mnt/c/Program Files (x86)/Common Files/Oracle/Java/javapath:/mnt/c/WINDOWS/system32:/mnt/c/WINDOWS:/mnt/c/WINDOWS/System32/Wbem:/mnt/c/WINDOWS/System32/WindowsPowerShell/v1.0/:/mnt/c/WINDOWS/System32/OpenSSH/:/mnt/c/Program Files (x86)/Intel/Intel(R) Management Engine Components/DAL:/mnt/c/Program Files/Intel/Intel(R) Management Engine Components/DAL:/mnt/c/Program Files/NVIDIA Corporation/NVIDIA NvDLISR:/mnt/c/Program Files (x86)/NVIDIA Corporation/PhysX/Common:/mnt/c/Users/jonat/AppData/Local/Microsoft/WindowsApps:/mnt/c/Users/jonat/AppData/Local/Programs/Microsoft VS Code/bin:/snap/bin:/usr/share/rvm/bin

Yarn version: 
  1.22.18

Node version: 
  14.16.0

Platform: 
  linux x64

Trace: 
  Error: https://registry.yarnpkg.com/3.3.1: Not found
      at Request.params.callback [as _callback] (/home/tiojhow/.nvm/versions/node/v14.16.0/lib/node_modules/yarn/lib/cli.js:66138:18)
      at Request.self.callback (/home/tiojhow/.nvm/versions/node/v14.16.0/lib/node_modules/yarn/lib/cli.js:140883:22)
      at Request.emit (events.js:315:20)
      at Request.<anonymous> (/home/tiojhow/.nvm/versions/node/v14.16.0/lib/node_modules/yarn/lib/cli.js:141855:10)
      at Request.emit (events.js:315:20)
      at IncomingMessage.<anonymous> (/home/tiojhow/.nvm/versions/node/v14.16.0/lib/node_modules/yarn/lib/cli.js:141777:12)
      at Object.onceWrapper (events.js:421:28)
      at IncomingMessage.emit (events.js:327:22)
      at endReadableNT (internal/streams/readable.js:1327:12)
      at processTicksAndRejections (internal/process/task_queues.js:80:21)

npm manifest: 
  {
    "name": "crypto_wallet",
    "version": "1.0.0",
    "main": "index.js",
    "author": "Jonathan Sampaio <jonathan.silva97@hotmail.com>",
    "license": "MIT",
    "dependencies": {
      "notify-js-legacy": "^0.4.1"
    },
    "devDependencies": {}
  }

yarn manifest: 
  No manifest

Lockfile: 
  # THIS IS AN AUTOGENERATED FILE. DO NOT EDIT THIS FILE DIRECTLY.
  # yarn lockfile v1
  
  
  notify-js-legacy@^0.4.1:
    version "0.4.1"
    resolved "https://registry.yarnpkg.com/notify-js-legacy/-/notify-js-legacy-0.4.1.tgz#d8cd3a03a16de5018b469ed578f9cd0a5d98afa7"
    integrity sha512-v9tUdioFeizt2Y+wD9Vg4MWN8zbX5BTLfjHMO9UBKKLODZSsfnlV+MWONWVldB6sXqvg3AbaYB407WxnmYZk/g==
